   1               		.file	"rev2.c"
   2               	__SP_H__ = 0x3e
   3               	__SP_L__ = 0x3d
   4               	__SREG__ = 0x3f
   5               	__tmp_reg__ = 0
   6               	__zero_reg__ = 1
   7               		.text
   8               	.Ltext0:
   9               		.cfi_sections	.debug_frame
  10               		.section	.text.rgblight_toggle,"ax",@progbits
  11               		.weak	rgblight_toggle
  13               	rgblight_toggle:
  14               	.LFB10:
  15               		.file 1 "./quantum/rgb.h"
   1:./quantum/rgb.h **** /* Copyright 2017 Jack Humbert
   2:./quantum/rgb.h ****  *
   3:./quantum/rgb.h ****  * This program is free software: you can redistribute it and/or modify
   4:./quantum/rgb.h ****  * it under the terms of the GNU General Public License as published by
   5:./quantum/rgb.h ****  * the Free Software Foundation, either version 2 of the License, or
   6:./quantum/rgb.h ****  * (at your option) any later version.
   7:./quantum/rgb.h ****  *
   8:./quantum/rgb.h ****  * This program is distributed in the hope that it will be useful,
   9:./quantum/rgb.h ****  * but WITHOUT ANY WARRANTY; without even the implied warranty of
  10:./quantum/rgb.h ****  * MERCHANTABILITY or FITNESS FOR A PARTICULAR PURPOSE.  See the
  11:./quantum/rgb.h ****  * GNU General Public License for more details.
  12:./quantum/rgb.h ****  *
  13:./quantum/rgb.h ****  * You should have received a copy of the GNU General Public License
  14:./quantum/rgb.h ****  * along with this program.  If not, see <http://www.gnu.org/licenses/>.
  15:./quantum/rgb.h ****  */
  16:./quantum/rgb.h **** 
  17:./quantum/rgb.h **** #ifndef RGB_H
  18:./quantum/rgb.h **** #define RGB_H
  19:./quantum/rgb.h **** 
  20:./quantum/rgb.h **** __attribute__((weak))
  21:./quantum/rgb.h **** void rgblight_toggle(void) {};
  16               		.loc 1 21 28 view -0
  17               		.cfi_startproc
  18               	/* prologue: function */
  19               	/* frame size = 0 */
  20               	/* stack size = 0 */
  21               	.L__stack_usage = 0
  22               		.loc 1 21 29 view .LVU1
  23               	/* epilogue start */
  24               		.loc 1 21 1 is_stmt 0 view .LVU2
  25 0000 0895      		ret
  26               		.cfi_endproc
  27               	.LFE10:
  29               		.section	.text.rgblight_step,"ax",@progbits
  30               		.weak	rgblight_step
  32               	rgblight_step:
  33               	.LFB31:
  34               		.cfi_startproc
  35               	/* prologue: function */
  36               	/* frame size = 0 */
  37               	/* stack size = 0 */
  38               	.L__stack_usage = 0
  39               	/* epilogue start */
  40 0000 0895      		ret
  41               		.cfi_endproc
  42               	.LFE31:
  44               		.section	.text.rgblight_step_reverse,"ax",@progbits
  45               		.weak	rgblight_step_reverse
  47               	rgblight_step_reverse:
  48               	.LFB33:
  49               		.cfi_startproc
  50               	/* prologue: function */
  51               	/* frame size = 0 */
  52               	/* stack size = 0 */
  53               	.L__stack_usage = 0
  54               	/* epilogue start */
  55 0000 0895      		ret
  56               		.cfi_endproc
  57               	.LFE33:
  59               		.section	.text.rgblight_increase_hue,"ax",@progbits
  60               		.weak	rgblight_increase_hue
  62               	rgblight_increase_hue:
  63               	.LFB35:
  64               		.cfi_startproc
  65               	/* prologue: function */
  66               	/* frame size = 0 */
  67               	/* stack size = 0 */
  68               	.L__stack_usage = 0
  69               	/* epilogue start */
  70 0000 0895      		ret
  71               		.cfi_endproc
  72               	.LFE35:
  74               		.section	.text.rgblight_decrease_hue,"ax",@progbits
  75               		.weak	rgblight_decrease_hue
  77               	rgblight_decrease_hue:
  78               	.LFB37:
  79               		.cfi_startproc
  80               	/* prologue: function */
  81               	/* frame size = 0 */
  82               	/* stack size = 0 */
  83               	.L__stack_usage = 0
  84               	/* epilogue start */
  85 0000 0895      		ret
  86               		.cfi_endproc
  87               	.LFE37:
  89               		.section	.text.rgblight_increase_sat,"ax",@progbits
  90               		.weak	rgblight_increase_sat
  92               	rgblight_increase_sat:
  93               	.LFB39:
  94               		.cfi_startproc
  95               	/* prologue: function */
  96               	/* frame size = 0 */
  97               	/* stack size = 0 */
  98               	.L__stack_usage = 0
  99               	/* epilogue start */
 100 0000 0895      		ret
 101               		.cfi_endproc
 102               	.LFE39:
 104               		.section	.text.rgblight_decrease_sat,"ax",@progbits
 105               		.weak	rgblight_decrease_sat
 107               	rgblight_decrease_sat:
 108               	.LFB41:
 109               		.cfi_startproc
 110               	/* prologue: function */
 111               	/* frame size = 0 */
 112               	/* stack size = 0 */
 113               	.L__stack_usage = 0
 114               	/* epilogue start */
 115 0000 0895      		ret
 116               		.cfi_endproc
 117               	.LFE41:
 119               		.section	.text.rgblight_increase_val,"ax",@progbits
 120               		.weak	rgblight_increase_val
 122               	rgblight_increase_val:
 123               	.LFB43:
 124               		.cfi_startproc
 125               	/* prologue: function */
 126               	/* frame size = 0 */
 127               	/* stack size = 0 */
 128               	.L__stack_usage = 0
 129               	/* epilogue start */
 130 0000 0895      		ret
 131               		.cfi_endproc
 132               	.LFE43:
 134               		.section	.text.rgblight_decrease_val,"ax",@progbits
 135               		.weak	rgblight_decrease_val
 137               	rgblight_decrease_val:
 138               	.LFB45:
 139               		.cfi_startproc
 140               	/* prologue: function */
 141               	/* frame size = 0 */
 142               	/* stack size = 0 */
 143               	.L__stack_usage = 0
 144               	/* epilogue start */
 145 0000 0895      		ret
 146               		.cfi_endproc
 147               	.LFE45:
 149               		.section	.text.rgblight_increase_speed,"ax",@progbits
 150               		.weak	rgblight_increase_speed
 152               	rgblight_increase_speed:
 153               	.LFB47:
 154               		.cfi_startproc
 155               	/* prologue: function */
 156               	/* frame size = 0 */
 157               	/* stack size = 0 */
 158               	.L__stack_usage = 0
 159               	/* epilogue start */
 160 0000 0895      		ret
 161               		.cfi_endproc
 162               	.LFE47:
 164               		.section	.text.rgblight_decrease_speed,"ax",@progbits
 165               		.weak	rgblight_decrease_speed
 167               	rgblight_decrease_speed:
 168               	.LFB49:
 169               		.cfi_startproc
 170               	/* prologue: function */
 171               	/* frame size = 0 */
 172               	/* stack size = 0 */
 173               	.L__stack_usage = 0
 174               	/* epilogue start */
 175 0000 0895      		ret
 176               		.cfi_endproc
 177               	.LFE49:
 179               		.section	.text.matrix_init_kb,"ax",@progbits
 180               	.global	matrix_init_kb
 182               	matrix_init_kb:
 183               	.LFB28:
 184               		.file 2 "keyboards/Dactylv2_Lightcycle/rev2/rev2.c"
   1:keyboards/Dactylv2_Lightcycle/rev2/rev2.c **** #include "Dactyl.h"
   2:keyboards/Dactylv2_Lightcycle/rev2/rev2.c **** 
   3:keyboards/Dactylv2_Lightcycle/rev2/rev2.c **** #ifdef AUDIO_ENABLE
   4:keyboards/Dactylv2_Lightcycle/rev2/rev2.c ****     float tone_startup[][2] = SONG(STARTUP_SOUND);
   5:keyboards/Dactylv2_Lightcycle/rev2/rev2.c ****     float tone_goodbye[][2] = SONG(GOODBYE_SOUND);
   6:keyboards/Dactylv2_Lightcycle/rev2/rev2.c **** #endif
   7:keyboards/Dactylv2_Lightcycle/rev2/rev2.c **** 
   8:keyboards/Dactylv2_Lightcycle/rev2/rev2.c **** #ifdef SSD1306OLED
   9:keyboards/Dactylv2_Lightcycle/rev2/rev2.c **** void led_set_kb(uint8_t usb_led) {
  10:keyboards/Dactylv2_Lightcycle/rev2/rev2.c ****     // put your keyboard LED indicator (ex: Caps Lock LED) toggling code here
  11:keyboards/Dactylv2_Lightcycle/rev2/rev2.c ****     led_set_user(usb_led);
  12:keyboards/Dactylv2_Lightcycle/rev2/rev2.c **** }
  13:keyboards/Dactylv2_Lightcycle/rev2/rev2.c **** #endif
  14:keyboards/Dactylv2_Lightcycle/rev2/rev2.c **** 
  15:keyboards/Dactylv2_Lightcycle/rev2/rev2.c **** void matrix_init_kb(void) {
 185               		.loc 2 15 27 is_stmt 1 view -0
 186               		.cfi_startproc
 187               	/* prologue: function */
 188               	/* frame size = 0 */
 189               	/* stack size = 0 */
 190               	.L__stack_usage = 0
  16:keyboards/Dactylv2_Lightcycle/rev2/rev2.c **** 
  17:keyboards/Dactylv2_Lightcycle/rev2/rev2.c ****     #ifdef AUDIO_ENABLE
  18:keyboards/Dactylv2_Lightcycle/rev2/rev2.c ****         _delay_ms(20); // gets rid of tick
  19:keyboards/Dactylv2_Lightcycle/rev2/rev2.c ****         PLAY_SONG(tone_startup);
  20:keyboards/Dactylv2_Lightcycle/rev2/rev2.c ****     #endif
  21:keyboards/Dactylv2_Lightcycle/rev2/rev2.c **** 
  22:keyboards/Dactylv2_Lightcycle/rev2/rev2.c ****     // // green led on
  23:keyboards/Dactylv2_Lightcycle/rev2/rev2.c ****     // DDRD |= (1<<5);
  24:keyboards/Dactylv2_Lightcycle/rev2/rev2.c ****     // PORTD &= ~(1<<5);
  25:keyboards/Dactylv2_Lightcycle/rev2/rev2.c **** 
  26:keyboards/Dactylv2_Lightcycle/rev2/rev2.c ****     // // orange led on
  27:keyboards/Dactylv2_Lightcycle/rev2/rev2.c ****     // DDRB |= (1<<0);
  28:keyboards/Dactylv2_Lightcycle/rev2/rev2.c ****     // PORTB &= ~(1<<0);
  29:keyboards/Dactylv2_Lightcycle/rev2/rev2.c **** 
  30:keyboards/Dactylv2_Lightcycle/rev2/rev2.c **** 	matrix_init_user();
 191               		.loc 2 30 2 view .LVU4
 192 0000 0C94 0000 		jmp matrix_init_user
 193               	.LVL0:
 194               		.cfi_endproc
 195               	.LFE28:
 197               		.section	.text.shutdown_user,"ax",@progbits
 198               	.global	shutdown_user
 200               	shutdown_user:
 201               	.LFB29:
  31:keyboards/Dactylv2_Lightcycle/rev2/rev2.c **** };
  32:keyboards/Dactylv2_Lightcycle/rev2/rev2.c **** 
  33:keyboards/Dactylv2_Lightcycle/rev2/rev2.c **** void shutdown_user(void) {
 202               		.loc 2 33 26 view -0
 203               		.cfi_startproc
 204               	/* prologue: function */
 205               	/* frame size = 0 */
 206               	/* stack size = 0 */
 207               	.L__stack_usage = 0
  34:keyboards/Dactylv2_Lightcycle/rev2/rev2.c ****     #ifdef AUDIO_ENABLE
  35:keyboards/Dactylv2_Lightcycle/rev2/rev2.c ****         PLAY_SONG(tone_goodbye);
  36:keyboards/Dactylv2_Lightcycle/rev2/rev2.c **** 	_delay_ms(150);
  37:keyboards/Dactylv2_Lightcycle/rev2/rev2.c **** 	stop_all_notes();
  38:keyboards/Dactylv2_Lightcycle/rev2/rev2.c ****     #endif
  39:keyboards/Dactylv2_Lightcycle/rev2/rev2.c **** }
 208               		.loc 2 39 1 view .LVU6
 209               	/* epilogue start */
 210 0000 0895      		ret
 211               		.cfi_endproc
 212               	.LFE29:
 214               		.text
 215               	.Letext0:
 216               		.file 3 "/usr/local/Cellar/avr-gcc@8/8.3.0_1/avr/include/stdint.h"
 217               		.file 4 "/usr/local/Cellar/avr-gcc@8/8.3.0_1/lib/avr-gcc/8/gcc/avr/8.3.0/include/stddef.h"
 218               		.file 5 "./tmk_core/common/report.h"
 219               		.file 6 "./tmk_core/common/host.h"
 220               		.file 7 "./tmk_core/common/avr/xprintf.h"
 221               		.file 8 "./tmk_core/common/debug.h"
 222               		.file 9 "./quantum/keycode_config.h"
 223               		.file 10 "./quantum/keymap.h"
 224               		.file 11 "./tmk_core/common/action_layer.h"
 225               		.file 12 "./tmk_core/common/timer.h"
 226               		.file 13 "./tmk_core/common/action_util.h"
 227               		.file 14 "/usr/local/Cellar/avr-gcc@8/8.3.0_1/avr/include/stdlib.h"
 228               		.file 15 "./quantum/process_keycode/process_tap_dance.h"
 229               		.file 16 "./quantum/quantum.h"
DEFINED SYMBOLS
                            *ABS*:0000000000000000 rev2.c
/var/folders/3d/n9bt7hnj55x7z_fzmyrbdqym0000gp/T//ccii4DKR.s:2      *ABS*:000000000000003e __SP_H__
/var/folders/3d/n9bt7hnj55x7z_fzmyrbdqym0000gp/T//ccii4DKR.s:3      *ABS*:000000000000003d __SP_L__
/var/folders/3d/n9bt7hnj55x7z_fzmyrbdqym0000gp/T//ccii4DKR.s:4      *ABS*:000000000000003f __SREG__
/var/folders/3d/n9bt7hnj55x7z_fzmyrbdqym0000gp/T//ccii4DKR.s:5      *ABS*:0000000000000000 __tmp_reg__
/var/folders/3d/n9bt7hnj55x7z_fzmyrbdqym0000gp/T//ccii4DKR.s:6      *ABS*:0000000000000001 __zero_reg__
/var/folders/3d/n9bt7hnj55x7z_fzmyrbdqym0000gp/T//ccii4DKR.s:13     .text.rgblight_toggle:0000000000000000 rgblight_toggle
/var/folders/3d/n9bt7hnj55x7z_fzmyrbdqym0000gp/T//ccii4DKR.s:32     .text.rgblight_step:0000000000000000 rgblight_step
/var/folders/3d/n9bt7hnj55x7z_fzmyrbdqym0000gp/T//ccii4DKR.s:47     .text.rgblight_step_reverse:0000000000000000 rgblight_step_reverse
/var/folders/3d/n9bt7hnj55x7z_fzmyrbdqym0000gp/T//ccii4DKR.s:62     .text.rgblight_increase_hue:0000000000000000 rgblight_increase_hue
/var/folders/3d/n9bt7hnj55x7z_fzmyrbdqym0000gp/T//ccii4DKR.s:77     .text.rgblight_decrease_hue:0000000000000000 rgblight_decrease_hue
/var/folders/3d/n9bt7hnj55x7z_fzmyrbdqym0000gp/T//ccii4DKR.s:92     .text.rgblight_increase_sat:0000000000000000 rgblight_increase_sat
/var/folders/3d/n9bt7hnj55x7z_fzmyrbdqym0000gp/T//ccii4DKR.s:107    .text.rgblight_decrease_sat:0000000000000000 rgblight_decrease_sat
/var/folders/3d/n9bt7hnj55x7z_fzmyrbdqym0000gp/T//ccii4DKR.s:122    .text.rgblight_increase_val:0000000000000000 rgblight_increase_val
/var/folders/3d/n9bt7hnj55x7z_fzmyrbdqym0000gp/T//ccii4DKR.s:137    .text.rgblight_decrease_val:0000000000000000 rgblight_decrease_val
/var/folders/3d/n9bt7hnj55x7z_fzmyrbdqym0000gp/T//ccii4DKR.s:152    .text.rgblight_increase_speed:0000000000000000 rgblight_increase_speed
/var/folders/3d/n9bt7hnj55x7z_fzmyrbdqym0000gp/T//ccii4DKR.s:167    .text.rgblight_decrease_speed:0000000000000000 rgblight_decrease_speed
/var/folders/3d/n9bt7hnj55x7z_fzmyrbdqym0000gp/T//ccii4DKR.s:182    .text.matrix_init_kb:0000000000000000 matrix_init_kb
/var/folders/3d/n9bt7hnj55x7z_fzmyrbdqym0000gp/T//ccii4DKR.s:200    .text.shutdown_user:0000000000000000 shutdown_user

UNDEFINED SYMBOLS
matrix_init_user
