   1               		.file	"split_util.c"
   2               	__SP_H__ = 0x3e
   3               	__SP_L__ = 0x3d
   4               	__SREG__ = 0x3f
   5               	__tmp_reg__ = 0
   6               	__zero_reg__ = 1
   7               		.text
   8               	.Ltext0:
   9               		.cfi_sections	.debug_frame
  10               		.section	.text.has_usb,"ax",@progbits
  11               	.global	has_usb
  13               	has_usb:
  14               	.LFB17:
  15               		.file 1 "keyboards/Manuform46/split_util.c"
   1:keyboards/Manuform46/split_util.c **** #include <avr/io.h>
   2:keyboards/Manuform46/split_util.c **** #include <avr/wdt.h>
   3:keyboards/Manuform46/split_util.c **** #include <avr/power.h>
   4:keyboards/Manuform46/split_util.c **** #include <avr/interrupt.h>
   5:keyboards/Manuform46/split_util.c **** #include <util/delay.h>
   6:keyboards/Manuform46/split_util.c **** #include <avr/eeprom.h>
   7:keyboards/Manuform46/split_util.c **** #include "split_util.h"
   8:keyboards/Manuform46/split_util.c **** #include "matrix.h"
   9:keyboards/Manuform46/split_util.c **** #include "keyboard.h"
  10:keyboards/Manuform46/split_util.c **** #include "config.h"
  11:keyboards/Manuform46/split_util.c **** #include "timer.h"
  12:keyboards/Manuform46/split_util.c **** 
  13:keyboards/Manuform46/split_util.c **** #ifdef USE_I2C
  14:keyboards/Manuform46/split_util.c **** #  include "i2c.h"
  15:keyboards/Manuform46/split_util.c **** #else
  16:keyboards/Manuform46/split_util.c **** #  include "serial.h"
  17:keyboards/Manuform46/split_util.c **** #endif
  18:keyboards/Manuform46/split_util.c **** 
  19:keyboards/Manuform46/split_util.c **** volatile bool isLeftHand = true;
  20:keyboards/Manuform46/split_util.c **** 
  21:keyboards/Manuform46/split_util.c **** static void setup_handedness(void) {
  22:keyboards/Manuform46/split_util.c ****   #ifdef EE_HANDS
  23:keyboards/Manuform46/split_util.c ****     isLeftHand = eeprom_read_byte(EECONFIG_HANDEDNESS);
  24:keyboards/Manuform46/split_util.c ****   #else
  25:keyboards/Manuform46/split_util.c ****     // I2C_MASTER_RIGHT is deprecated, use MASTER_RIGHT instead, since this works for both serial a
  26:keyboards/Manuform46/split_util.c ****     #if defined(I2C_MASTER_RIGHT) || defined(MASTER_RIGHT)
  27:keyboards/Manuform46/split_util.c ****       isLeftHand = !has_usb();
  28:keyboards/Manuform46/split_util.c ****     #else
  29:keyboards/Manuform46/split_util.c ****       isLeftHand = has_usb();
  30:keyboards/Manuform46/split_util.c ****     #endif
  31:keyboards/Manuform46/split_util.c ****   #endif
  32:keyboards/Manuform46/split_util.c **** }
  33:keyboards/Manuform46/split_util.c **** 
  34:keyboards/Manuform46/split_util.c **** static void keyboard_master_setup(void) {
  35:keyboards/Manuform46/split_util.c **** #ifdef USE_I2C
  36:keyboards/Manuform46/split_util.c ****     i2c_master_init();
  37:keyboards/Manuform46/split_util.c **** #ifdef SSD1306OLED
  38:keyboards/Manuform46/split_util.c ****     matrix_master_OLED_init ();
  39:keyboards/Manuform46/split_util.c **** #endif
  40:keyboards/Manuform46/split_util.c **** #else
  41:keyboards/Manuform46/split_util.c ****     serial_master_init();
  42:keyboards/Manuform46/split_util.c **** #endif
  43:keyboards/Manuform46/split_util.c **** }
  44:keyboards/Manuform46/split_util.c **** 
  45:keyboards/Manuform46/split_util.c **** static void keyboard_slave_setup(void) {
  46:keyboards/Manuform46/split_util.c ****   timer_init();
  47:keyboards/Manuform46/split_util.c **** #ifdef USE_I2C
  48:keyboards/Manuform46/split_util.c ****     i2c_slave_init(SLAVE_I2C_ADDRESS);
  49:keyboards/Manuform46/split_util.c **** #else
  50:keyboards/Manuform46/split_util.c ****     serial_slave_init();
  51:keyboards/Manuform46/split_util.c **** #endif
  52:keyboards/Manuform46/split_util.c **** }
  53:keyboards/Manuform46/split_util.c **** 
  54:keyboards/Manuform46/split_util.c **** bool has_usb(void) {
  16               		.loc 1 54 20 view -0
  17               		.cfi_startproc
  18               	/* prologue: function */
  19               	/* frame size = 0 */
  20               	/* stack size = 0 */
  21               	.L__stack_usage = 0
  55:keyboards/Manuform46/split_util.c ****    USBCON |= (1 << OTGPADE); //enables VBUS pad
  22               		.loc 1 55 4 view .LVU1
  23               		.loc 1 55 11 is_stmt 0 view .LVU2
  24 0000 E8ED      		ldi r30,lo8(-40)
  25 0002 F0E0      		ldi r31,0
  26 0004 8081      		ld r24,Z
  27 0006 8061      		ori r24,lo8(16)
  28 0008 8083      		st Z,r24
  56:keyboards/Manuform46/split_util.c ****    _delay_us(5);
  29               		.loc 1 56 4 is_stmt 1 view .LVU3
  30               	.LVL0:
  31               	.LBB4:
  32               	.LBI4:
  33               		.file 2 "/usr/local/Cellar/avr-gcc@8/8.3.0_1/avr/include/util/delay.h"
   1:/usr/local/Cellar/avr-gcc@8/8.3.0_1/avr/include/util/delay.h **** /* Copyright (c) 2002, Marek Michalkiewicz
   2:/usr/local/Cellar/avr-gcc@8/8.3.0_1/avr/include/util/delay.h ****    Copyright (c) 2004,2005,2007 Joerg Wunsch
   3:/usr/local/Cellar/avr-gcc@8/8.3.0_1/avr/include/util/delay.h ****    Copyright (c) 2007  Florin-Viorel Petrov
   4:/usr/local/Cellar/avr-gcc@8/8.3.0_1/avr/include/util/delay.h ****    All rights reserved.
   5:/usr/local/Cellar/avr-gcc@8/8.3.0_1/avr/include/util/delay.h **** 
   6:/usr/local/Cellar/avr-gcc@8/8.3.0_1/avr/include/util/delay.h ****    Redistribution and use in source and binary forms, with or without
   7:/usr/local/Cellar/avr-gcc@8/8.3.0_1/avr/include/util/delay.h ****    modification, are permitted provided that the following conditions are met:
   8:/usr/local/Cellar/avr-gcc@8/8.3.0_1/avr/include/util/delay.h **** 
   9:/usr/local/Cellar/avr-gcc@8/8.3.0_1/avr/include/util/delay.h ****    * Redistributions of source code must retain the above copyright
  10:/usr/local/Cellar/avr-gcc@8/8.3.0_1/avr/include/util/delay.h ****      notice, this list of conditions and the following disclaimer.
  11:/usr/local/Cellar/avr-gcc@8/8.3.0_1/avr/include/util/delay.h **** 
  12:/usr/local/Cellar/avr-gcc@8/8.3.0_1/avr/include/util/delay.h ****    * Redistributions in binary form must reproduce the above copyright
  13:/usr/local/Cellar/avr-gcc@8/8.3.0_1/avr/include/util/delay.h ****      notice, this list of conditions and the following disclaimer in
  14:/usr/local/Cellar/avr-gcc@8/8.3.0_1/avr/include/util/delay.h ****      the documentation and/or other materials provided with the
  15:/usr/local/Cellar/avr-gcc@8/8.3.0_1/avr/include/util/delay.h ****      distribution.
  16:/usr/local/Cellar/avr-gcc@8/8.3.0_1/avr/include/util/delay.h **** 
  17:/usr/local/Cellar/avr-gcc@8/8.3.0_1/avr/include/util/delay.h ****    * Neither the name of the copyright holders nor the names of
  18:/usr/local/Cellar/avr-gcc@8/8.3.0_1/avr/include/util/delay.h ****      contributors may be used to endorse or promote products derived
  19:/usr/local/Cellar/avr-gcc@8/8.3.0_1/avr/include/util/delay.h ****      from this software without specific prior written permission.
  20:/usr/local/Cellar/avr-gcc@8/8.3.0_1/avr/include/util/delay.h **** 
  21:/usr/local/Cellar/avr-gcc@8/8.3.0_1/avr/include/util/delay.h ****   THIS SOFTWARE IS PROVIDED BY THE COPYRIGHT HOLDERS AND CONTRIBUTORS "AS IS"
  22:/usr/local/Cellar/avr-gcc@8/8.3.0_1/avr/include/util/delay.h ****   AND ANY EXPRESS OR IMPLIED WARRANTIES, INCLUDING, BUT NOT LIMITED TO, THE
  23:/usr/local/Cellar/avr-gcc@8/8.3.0_1/avr/include/util/delay.h ****   IMPLIED WARRANTIES OF MERCHANTABILITY AND FITNESS FOR A PARTICULAR PURPOSE
  24:/usr/local/Cellar/avr-gcc@8/8.3.0_1/avr/include/util/delay.h ****   ARE DISCLAIMED. IN NO EVENT SHALL THE COPYRIGHT OWNER OR CONTRIBUTORS BE
  25:/usr/local/Cellar/avr-gcc@8/8.3.0_1/avr/include/util/delay.h ****   LIABLE FOR ANY DIRECT, INDIRECT, INCIDENTAL, SPECIAL, EXEMPLARY, OR
  26:/usr/local/Cellar/avr-gcc@8/8.3.0_1/avr/include/util/delay.h ****   CONSEQUENTIAL DAMAGES (INCLUDING, BUT NOT LIMITED TO, PROCUREMENT OF
  27:/usr/local/Cellar/avr-gcc@8/8.3.0_1/avr/include/util/delay.h ****   SUBSTITUTE GOODS OR SERVICES; LOSS OF USE, DATA, OR PROFITS; OR BUSINESS
  28:/usr/local/Cellar/avr-gcc@8/8.3.0_1/avr/include/util/delay.h ****   INTERRUPTION) HOWEVER CAUSED AND ON ANY THEORY OF LIABILITY, WHETHER IN
  29:/usr/local/Cellar/avr-gcc@8/8.3.0_1/avr/include/util/delay.h ****   CONTRACT, STRICT LIABILITY, OR TORT (INCLUDING NEGLIGENCE OR OTHERWISE)
  30:/usr/local/Cellar/avr-gcc@8/8.3.0_1/avr/include/util/delay.h ****   ARISING IN ANY WAY OUT OF THE USE OF THIS SOFTWARE, EVEN IF ADVISED OF THE
  31:/usr/local/Cellar/avr-gcc@8/8.3.0_1/avr/include/util/delay.h ****   POSSIBILITY OF SUCH DAMAGE. */
  32:/usr/local/Cellar/avr-gcc@8/8.3.0_1/avr/include/util/delay.h **** 
  33:/usr/local/Cellar/avr-gcc@8/8.3.0_1/avr/include/util/delay.h **** /* $Id: delay.h.in 2506 2016-02-08 10:05:45Z joerg_wunsch $ */
  34:/usr/local/Cellar/avr-gcc@8/8.3.0_1/avr/include/util/delay.h **** 
  35:/usr/local/Cellar/avr-gcc@8/8.3.0_1/avr/include/util/delay.h **** #ifndef _UTIL_DELAY_H_
  36:/usr/local/Cellar/avr-gcc@8/8.3.0_1/avr/include/util/delay.h **** #define _UTIL_DELAY_H_ 1
  37:/usr/local/Cellar/avr-gcc@8/8.3.0_1/avr/include/util/delay.h **** 
  38:/usr/local/Cellar/avr-gcc@8/8.3.0_1/avr/include/util/delay.h **** #ifndef __DOXYGEN__
  39:/usr/local/Cellar/avr-gcc@8/8.3.0_1/avr/include/util/delay.h **** #  ifndef __HAS_DELAY_CYCLES
  40:/usr/local/Cellar/avr-gcc@8/8.3.0_1/avr/include/util/delay.h **** #    define __HAS_DELAY_CYCLES 1
  41:/usr/local/Cellar/avr-gcc@8/8.3.0_1/avr/include/util/delay.h **** #  endif
  42:/usr/local/Cellar/avr-gcc@8/8.3.0_1/avr/include/util/delay.h **** #endif  /* __DOXYGEN__ */
  43:/usr/local/Cellar/avr-gcc@8/8.3.0_1/avr/include/util/delay.h **** 
  44:/usr/local/Cellar/avr-gcc@8/8.3.0_1/avr/include/util/delay.h **** #include <inttypes.h>
  45:/usr/local/Cellar/avr-gcc@8/8.3.0_1/avr/include/util/delay.h **** #include <util/delay_basic.h>
  46:/usr/local/Cellar/avr-gcc@8/8.3.0_1/avr/include/util/delay.h **** #include <math.h>
  47:/usr/local/Cellar/avr-gcc@8/8.3.0_1/avr/include/util/delay.h **** 
  48:/usr/local/Cellar/avr-gcc@8/8.3.0_1/avr/include/util/delay.h **** /** \file */
  49:/usr/local/Cellar/avr-gcc@8/8.3.0_1/avr/include/util/delay.h **** /** \defgroup util_delay <util/delay.h>: Convenience functions for busy-wait delay loops
  50:/usr/local/Cellar/avr-gcc@8/8.3.0_1/avr/include/util/delay.h ****     \code
  51:/usr/local/Cellar/avr-gcc@8/8.3.0_1/avr/include/util/delay.h ****     #define F_CPU 1000000UL  // 1 MHz
  52:/usr/local/Cellar/avr-gcc@8/8.3.0_1/avr/include/util/delay.h ****     //#define F_CPU 14.7456E6
  53:/usr/local/Cellar/avr-gcc@8/8.3.0_1/avr/include/util/delay.h ****     #include <util/delay.h>
  54:/usr/local/Cellar/avr-gcc@8/8.3.0_1/avr/include/util/delay.h ****     \endcode
  55:/usr/local/Cellar/avr-gcc@8/8.3.0_1/avr/include/util/delay.h **** 
  56:/usr/local/Cellar/avr-gcc@8/8.3.0_1/avr/include/util/delay.h ****     \note As an alternative method, it is possible to pass the
  57:/usr/local/Cellar/avr-gcc@8/8.3.0_1/avr/include/util/delay.h ****     F_CPU macro down to the compiler from the Makefile.
  58:/usr/local/Cellar/avr-gcc@8/8.3.0_1/avr/include/util/delay.h ****     Obviously, in that case, no \c \#define statement should be
  59:/usr/local/Cellar/avr-gcc@8/8.3.0_1/avr/include/util/delay.h ****     used.
  60:/usr/local/Cellar/avr-gcc@8/8.3.0_1/avr/include/util/delay.h **** 
  61:/usr/local/Cellar/avr-gcc@8/8.3.0_1/avr/include/util/delay.h ****     The functions in this header file are wrappers around the basic
  62:/usr/local/Cellar/avr-gcc@8/8.3.0_1/avr/include/util/delay.h ****     busy-wait functions from <util/delay_basic.h>.  They are meant as
  63:/usr/local/Cellar/avr-gcc@8/8.3.0_1/avr/include/util/delay.h ****     convenience functions where actual time values can be specified
  64:/usr/local/Cellar/avr-gcc@8/8.3.0_1/avr/include/util/delay.h ****     rather than a number of cycles to wait for.  The idea behind is
  65:/usr/local/Cellar/avr-gcc@8/8.3.0_1/avr/include/util/delay.h ****     that compile-time constant expressions will be eliminated by
  66:/usr/local/Cellar/avr-gcc@8/8.3.0_1/avr/include/util/delay.h ****     compiler optimization so floating-point expressions can be used
  67:/usr/local/Cellar/avr-gcc@8/8.3.0_1/avr/include/util/delay.h ****     to calculate the number of delay cycles needed based on the CPU
  68:/usr/local/Cellar/avr-gcc@8/8.3.0_1/avr/include/util/delay.h ****     frequency passed by the macro F_CPU.
  69:/usr/local/Cellar/avr-gcc@8/8.3.0_1/avr/include/util/delay.h **** 
  70:/usr/local/Cellar/avr-gcc@8/8.3.0_1/avr/include/util/delay.h ****     \note In order for these functions to work as intended, compiler
  71:/usr/local/Cellar/avr-gcc@8/8.3.0_1/avr/include/util/delay.h ****     optimizations <em>must</em> be enabled, and the delay time
  72:/usr/local/Cellar/avr-gcc@8/8.3.0_1/avr/include/util/delay.h ****     <em>must</em> be an expression that is a known constant at
  73:/usr/local/Cellar/avr-gcc@8/8.3.0_1/avr/include/util/delay.h ****     compile-time.  If these requirements are not met, the resulting
  74:/usr/local/Cellar/avr-gcc@8/8.3.0_1/avr/include/util/delay.h ****     delay will be much longer (and basically unpredictable), and
  75:/usr/local/Cellar/avr-gcc@8/8.3.0_1/avr/include/util/delay.h ****     applications that otherwise do not use floating-point calculations
  76:/usr/local/Cellar/avr-gcc@8/8.3.0_1/avr/include/util/delay.h ****     will experience severe code bloat by the floating-point library
  77:/usr/local/Cellar/avr-gcc@8/8.3.0_1/avr/include/util/delay.h ****     routines linked into the application.
  78:/usr/local/Cellar/avr-gcc@8/8.3.0_1/avr/include/util/delay.h **** 
  79:/usr/local/Cellar/avr-gcc@8/8.3.0_1/avr/include/util/delay.h ****     The functions available allow the specification of microsecond, and
  80:/usr/local/Cellar/avr-gcc@8/8.3.0_1/avr/include/util/delay.h ****     millisecond delays directly, using the application-supplied macro
  81:/usr/local/Cellar/avr-gcc@8/8.3.0_1/avr/include/util/delay.h ****     F_CPU as the CPU clock frequency (in Hertz).
  82:/usr/local/Cellar/avr-gcc@8/8.3.0_1/avr/include/util/delay.h **** 
  83:/usr/local/Cellar/avr-gcc@8/8.3.0_1/avr/include/util/delay.h **** */
  84:/usr/local/Cellar/avr-gcc@8/8.3.0_1/avr/include/util/delay.h **** 
  85:/usr/local/Cellar/avr-gcc@8/8.3.0_1/avr/include/util/delay.h **** #if !defined(__DOXYGEN__)
  86:/usr/local/Cellar/avr-gcc@8/8.3.0_1/avr/include/util/delay.h **** static __inline__ void _delay_us(double __us) __attribute__((__always_inline__));
  87:/usr/local/Cellar/avr-gcc@8/8.3.0_1/avr/include/util/delay.h **** static __inline__ void _delay_ms(double __ms) __attribute__((__always_inline__));
  88:/usr/local/Cellar/avr-gcc@8/8.3.0_1/avr/include/util/delay.h **** #endif
  89:/usr/local/Cellar/avr-gcc@8/8.3.0_1/avr/include/util/delay.h **** 
  90:/usr/local/Cellar/avr-gcc@8/8.3.0_1/avr/include/util/delay.h **** #ifndef F_CPU
  91:/usr/local/Cellar/avr-gcc@8/8.3.0_1/avr/include/util/delay.h **** /* prevent compiler error by supplying a default */
  92:/usr/local/Cellar/avr-gcc@8/8.3.0_1/avr/include/util/delay.h **** # warning "F_CPU not defined for <util/delay.h>"
  93:/usr/local/Cellar/avr-gcc@8/8.3.0_1/avr/include/util/delay.h **** /** \ingroup util_delay
  94:/usr/local/Cellar/avr-gcc@8/8.3.0_1/avr/include/util/delay.h ****     \def F_CPU
  95:/usr/local/Cellar/avr-gcc@8/8.3.0_1/avr/include/util/delay.h ****     \brief CPU frequency in Hz
  96:/usr/local/Cellar/avr-gcc@8/8.3.0_1/avr/include/util/delay.h **** 
  97:/usr/local/Cellar/avr-gcc@8/8.3.0_1/avr/include/util/delay.h ****     The macro F_CPU specifies the CPU frequency to be considered by
  98:/usr/local/Cellar/avr-gcc@8/8.3.0_1/avr/include/util/delay.h ****     the delay macros.  This macro is normally supplied by the
  99:/usr/local/Cellar/avr-gcc@8/8.3.0_1/avr/include/util/delay.h ****     environment (e.g. from within a project header, or the project's
 100:/usr/local/Cellar/avr-gcc@8/8.3.0_1/avr/include/util/delay.h ****     Makefile).  The value 1 MHz here is only provided as a "vanilla"
 101:/usr/local/Cellar/avr-gcc@8/8.3.0_1/avr/include/util/delay.h ****     fallback if no such user-provided definition could be found.
 102:/usr/local/Cellar/avr-gcc@8/8.3.0_1/avr/include/util/delay.h **** 
 103:/usr/local/Cellar/avr-gcc@8/8.3.0_1/avr/include/util/delay.h ****     In terms of the delay functions, the CPU frequency can be given as
 104:/usr/local/Cellar/avr-gcc@8/8.3.0_1/avr/include/util/delay.h ****     a floating-point constant (e.g. 3.6864E6 for 3.6864 MHz).
 105:/usr/local/Cellar/avr-gcc@8/8.3.0_1/avr/include/util/delay.h ****     However, the macros in <util/setbaud.h> require it to be an
 106:/usr/local/Cellar/avr-gcc@8/8.3.0_1/avr/include/util/delay.h ****     integer value.
 107:/usr/local/Cellar/avr-gcc@8/8.3.0_1/avr/include/util/delay.h ****  */
 108:/usr/local/Cellar/avr-gcc@8/8.3.0_1/avr/include/util/delay.h **** # define F_CPU 1000000UL
 109:/usr/local/Cellar/avr-gcc@8/8.3.0_1/avr/include/util/delay.h **** #endif
 110:/usr/local/Cellar/avr-gcc@8/8.3.0_1/avr/include/util/delay.h **** 
 111:/usr/local/Cellar/avr-gcc@8/8.3.0_1/avr/include/util/delay.h **** #ifndef __OPTIMIZE__
 112:/usr/local/Cellar/avr-gcc@8/8.3.0_1/avr/include/util/delay.h **** # warning "Compiler optimizations disabled; functions from <util/delay.h> won't work as designed"
 113:/usr/local/Cellar/avr-gcc@8/8.3.0_1/avr/include/util/delay.h **** #endif
 114:/usr/local/Cellar/avr-gcc@8/8.3.0_1/avr/include/util/delay.h **** 
 115:/usr/local/Cellar/avr-gcc@8/8.3.0_1/avr/include/util/delay.h **** #if __HAS_DELAY_CYCLES && defined(__OPTIMIZE__) && \
 116:/usr/local/Cellar/avr-gcc@8/8.3.0_1/avr/include/util/delay.h ****   !defined(__DELAY_BACKWARD_COMPATIBLE__) &&	   \
 117:/usr/local/Cellar/avr-gcc@8/8.3.0_1/avr/include/util/delay.h ****   __STDC_HOSTED__
 118:/usr/local/Cellar/avr-gcc@8/8.3.0_1/avr/include/util/delay.h **** #  include <math.h>
 119:/usr/local/Cellar/avr-gcc@8/8.3.0_1/avr/include/util/delay.h **** #endif
 120:/usr/local/Cellar/avr-gcc@8/8.3.0_1/avr/include/util/delay.h **** 
 121:/usr/local/Cellar/avr-gcc@8/8.3.0_1/avr/include/util/delay.h **** /**
 122:/usr/local/Cellar/avr-gcc@8/8.3.0_1/avr/include/util/delay.h ****    \ingroup util_delay
 123:/usr/local/Cellar/avr-gcc@8/8.3.0_1/avr/include/util/delay.h **** 
 124:/usr/local/Cellar/avr-gcc@8/8.3.0_1/avr/include/util/delay.h ****    Perform a delay of \c __ms milliseconds, using _delay_loop_2().
 125:/usr/local/Cellar/avr-gcc@8/8.3.0_1/avr/include/util/delay.h **** 
 126:/usr/local/Cellar/avr-gcc@8/8.3.0_1/avr/include/util/delay.h ****    The macro F_CPU is supposed to be defined to a
 127:/usr/local/Cellar/avr-gcc@8/8.3.0_1/avr/include/util/delay.h ****    constant defining the CPU clock frequency (in Hertz).
 128:/usr/local/Cellar/avr-gcc@8/8.3.0_1/avr/include/util/delay.h **** 
 129:/usr/local/Cellar/avr-gcc@8/8.3.0_1/avr/include/util/delay.h ****    The maximal possible delay is 262.14 ms / F_CPU in MHz.
 130:/usr/local/Cellar/avr-gcc@8/8.3.0_1/avr/include/util/delay.h **** 
 131:/usr/local/Cellar/avr-gcc@8/8.3.0_1/avr/include/util/delay.h ****    When the user request delay which exceed the maximum possible one,
 132:/usr/local/Cellar/avr-gcc@8/8.3.0_1/avr/include/util/delay.h ****    _delay_ms() provides a decreased resolution functionality. In this
 133:/usr/local/Cellar/avr-gcc@8/8.3.0_1/avr/include/util/delay.h ****    mode _delay_ms() will work with a resolution of 1/10 ms, providing
 134:/usr/local/Cellar/avr-gcc@8/8.3.0_1/avr/include/util/delay.h ****    delays up to 6.5535 seconds (independent from CPU frequency).  The
 135:/usr/local/Cellar/avr-gcc@8/8.3.0_1/avr/include/util/delay.h ****    user will not be informed about decreased resolution.
 136:/usr/local/Cellar/avr-gcc@8/8.3.0_1/avr/include/util/delay.h **** 
 137:/usr/local/Cellar/avr-gcc@8/8.3.0_1/avr/include/util/delay.h ****    If the avr-gcc toolchain has __builtin_avr_delay_cycles()
 138:/usr/local/Cellar/avr-gcc@8/8.3.0_1/avr/include/util/delay.h ****    support, maximal possible delay is 4294967.295 ms/ F_CPU in MHz. For
 139:/usr/local/Cellar/avr-gcc@8/8.3.0_1/avr/include/util/delay.h ****    values greater than the maximal possible delay, overflows results in
 140:/usr/local/Cellar/avr-gcc@8/8.3.0_1/avr/include/util/delay.h ****    no delay i.e., 0ms.
 141:/usr/local/Cellar/avr-gcc@8/8.3.0_1/avr/include/util/delay.h **** 
 142:/usr/local/Cellar/avr-gcc@8/8.3.0_1/avr/include/util/delay.h ****    Conversion of \c __ms into clock cycles may not always result in
 143:/usr/local/Cellar/avr-gcc@8/8.3.0_1/avr/include/util/delay.h ****    integer.  By default, the clock cycles rounded up to next
 144:/usr/local/Cellar/avr-gcc@8/8.3.0_1/avr/include/util/delay.h ****    integer. This ensures that the user gets at least \c __ms
 145:/usr/local/Cellar/avr-gcc@8/8.3.0_1/avr/include/util/delay.h ****    microseconds of delay.
 146:/usr/local/Cellar/avr-gcc@8/8.3.0_1/avr/include/util/delay.h **** 
 147:/usr/local/Cellar/avr-gcc@8/8.3.0_1/avr/include/util/delay.h ****    Alternatively, by defining the macro \c __DELAY_ROUND_DOWN__, or
 148:/usr/local/Cellar/avr-gcc@8/8.3.0_1/avr/include/util/delay.h ****    \c __DELAY_ROUND_CLOSEST__, before including this header file, the
 149:/usr/local/Cellar/avr-gcc@8/8.3.0_1/avr/include/util/delay.h ****    algorithm can be made to round down, or round to closest integer,
 150:/usr/local/Cellar/avr-gcc@8/8.3.0_1/avr/include/util/delay.h ****    respectively.
 151:/usr/local/Cellar/avr-gcc@8/8.3.0_1/avr/include/util/delay.h **** 
 152:/usr/local/Cellar/avr-gcc@8/8.3.0_1/avr/include/util/delay.h ****    \note
 153:/usr/local/Cellar/avr-gcc@8/8.3.0_1/avr/include/util/delay.h **** 
 154:/usr/local/Cellar/avr-gcc@8/8.3.0_1/avr/include/util/delay.h ****    The implementation of _delay_ms() based on
 155:/usr/local/Cellar/avr-gcc@8/8.3.0_1/avr/include/util/delay.h ****    __builtin_avr_delay_cycles() is not backward compatible with older
 156:/usr/local/Cellar/avr-gcc@8/8.3.0_1/avr/include/util/delay.h ****    implementations.  In order to get functionality backward compatible
 157:/usr/local/Cellar/avr-gcc@8/8.3.0_1/avr/include/util/delay.h ****    with previous versions, the macro \c "__DELAY_BACKWARD_COMPATIBLE__"
 158:/usr/local/Cellar/avr-gcc@8/8.3.0_1/avr/include/util/delay.h ****    must be defined before including this header file. Also, the
 159:/usr/local/Cellar/avr-gcc@8/8.3.0_1/avr/include/util/delay.h ****    backward compatible algorithm will be chosen if the code is
 160:/usr/local/Cellar/avr-gcc@8/8.3.0_1/avr/include/util/delay.h ****    compiled in a <em>freestanding environment</em> (GCC option
 161:/usr/local/Cellar/avr-gcc@8/8.3.0_1/avr/include/util/delay.h ****    \c -ffreestanding), as the math functions required for rounding are
 162:/usr/local/Cellar/avr-gcc@8/8.3.0_1/avr/include/util/delay.h ****    not available to the compiler then.
 163:/usr/local/Cellar/avr-gcc@8/8.3.0_1/avr/include/util/delay.h **** 
 164:/usr/local/Cellar/avr-gcc@8/8.3.0_1/avr/include/util/delay.h ****  */
 165:/usr/local/Cellar/avr-gcc@8/8.3.0_1/avr/include/util/delay.h **** void
 166:/usr/local/Cellar/avr-gcc@8/8.3.0_1/avr/include/util/delay.h **** _delay_ms(double __ms)
 167:/usr/local/Cellar/avr-gcc@8/8.3.0_1/avr/include/util/delay.h **** {
 168:/usr/local/Cellar/avr-gcc@8/8.3.0_1/avr/include/util/delay.h **** 	double __tmp ;
 169:/usr/local/Cellar/avr-gcc@8/8.3.0_1/avr/include/util/delay.h **** #if __HAS_DELAY_CYCLES && defined(__OPTIMIZE__) && \
 170:/usr/local/Cellar/avr-gcc@8/8.3.0_1/avr/include/util/delay.h ****   !defined(__DELAY_BACKWARD_COMPATIBLE__) &&	   \
 171:/usr/local/Cellar/avr-gcc@8/8.3.0_1/avr/include/util/delay.h ****   __STDC_HOSTED__
 172:/usr/local/Cellar/avr-gcc@8/8.3.0_1/avr/include/util/delay.h **** 	uint32_t __ticks_dc;
 173:/usr/local/Cellar/avr-gcc@8/8.3.0_1/avr/include/util/delay.h **** 	extern void __builtin_avr_delay_cycles(unsigned long);
 174:/usr/local/Cellar/avr-gcc@8/8.3.0_1/avr/include/util/delay.h **** 	__tmp = ((F_CPU) / 1e3) * __ms;
 175:/usr/local/Cellar/avr-gcc@8/8.3.0_1/avr/include/util/delay.h **** 
 176:/usr/local/Cellar/avr-gcc@8/8.3.0_1/avr/include/util/delay.h **** 	#if defined(__DELAY_ROUND_DOWN__)
 177:/usr/local/Cellar/avr-gcc@8/8.3.0_1/avr/include/util/delay.h **** 		__ticks_dc = (uint32_t)fabs(__tmp);
 178:/usr/local/Cellar/avr-gcc@8/8.3.0_1/avr/include/util/delay.h **** 
 179:/usr/local/Cellar/avr-gcc@8/8.3.0_1/avr/include/util/delay.h **** 	#elif defined(__DELAY_ROUND_CLOSEST__)
 180:/usr/local/Cellar/avr-gcc@8/8.3.0_1/avr/include/util/delay.h **** 		__ticks_dc = (uint32_t)(fabs(__tmp)+0.5);
 181:/usr/local/Cellar/avr-gcc@8/8.3.0_1/avr/include/util/delay.h **** 
 182:/usr/local/Cellar/avr-gcc@8/8.3.0_1/avr/include/util/delay.h **** 	#else
 183:/usr/local/Cellar/avr-gcc@8/8.3.0_1/avr/include/util/delay.h **** 		//round up by default
 184:/usr/local/Cellar/avr-gcc@8/8.3.0_1/avr/include/util/delay.h **** 		__ticks_dc = (uint32_t)(ceil(fabs(__tmp)));
 185:/usr/local/Cellar/avr-gcc@8/8.3.0_1/avr/include/util/delay.h **** 	#endif
 186:/usr/local/Cellar/avr-gcc@8/8.3.0_1/avr/include/util/delay.h **** 
 187:/usr/local/Cellar/avr-gcc@8/8.3.0_1/avr/include/util/delay.h **** 	__builtin_avr_delay_cycles(__ticks_dc);
 188:/usr/local/Cellar/avr-gcc@8/8.3.0_1/avr/include/util/delay.h **** 
 189:/usr/local/Cellar/avr-gcc@8/8.3.0_1/avr/include/util/delay.h **** #else
 190:/usr/local/Cellar/avr-gcc@8/8.3.0_1/avr/include/util/delay.h **** 	uint16_t __ticks;
 191:/usr/local/Cellar/avr-gcc@8/8.3.0_1/avr/include/util/delay.h **** 	__tmp = ((F_CPU) / 4e3) * __ms;
 192:/usr/local/Cellar/avr-gcc@8/8.3.0_1/avr/include/util/delay.h **** 	if (__tmp < 1.0)
 193:/usr/local/Cellar/avr-gcc@8/8.3.0_1/avr/include/util/delay.h **** 		__ticks = 1;
 194:/usr/local/Cellar/avr-gcc@8/8.3.0_1/avr/include/util/delay.h **** 	else if (__tmp > 65535)
 195:/usr/local/Cellar/avr-gcc@8/8.3.0_1/avr/include/util/delay.h **** 	{
 196:/usr/local/Cellar/avr-gcc@8/8.3.0_1/avr/include/util/delay.h **** 		//	__ticks = requested delay in 1/10 ms
 197:/usr/local/Cellar/avr-gcc@8/8.3.0_1/avr/include/util/delay.h **** 		__ticks = (uint16_t) (__ms * 10.0);
 198:/usr/local/Cellar/avr-gcc@8/8.3.0_1/avr/include/util/delay.h **** 		while(__ticks)
 199:/usr/local/Cellar/avr-gcc@8/8.3.0_1/avr/include/util/delay.h **** 		{
 200:/usr/local/Cellar/avr-gcc@8/8.3.0_1/avr/include/util/delay.h **** 			// wait 1/10 ms
 201:/usr/local/Cellar/avr-gcc@8/8.3.0_1/avr/include/util/delay.h **** 			_delay_loop_2(((F_CPU) / 4e3) / 10);
 202:/usr/local/Cellar/avr-gcc@8/8.3.0_1/avr/include/util/delay.h **** 			__ticks --;
 203:/usr/local/Cellar/avr-gcc@8/8.3.0_1/avr/include/util/delay.h **** 		}
 204:/usr/local/Cellar/avr-gcc@8/8.3.0_1/avr/include/util/delay.h **** 		return;
 205:/usr/local/Cellar/avr-gcc@8/8.3.0_1/avr/include/util/delay.h **** 	}
 206:/usr/local/Cellar/avr-gcc@8/8.3.0_1/avr/include/util/delay.h **** 	else
 207:/usr/local/Cellar/avr-gcc@8/8.3.0_1/avr/include/util/delay.h **** 		__ticks = (uint16_t)__tmp;
 208:/usr/local/Cellar/avr-gcc@8/8.3.0_1/avr/include/util/delay.h **** 	_delay_loop_2(__ticks);
 209:/usr/local/Cellar/avr-gcc@8/8.3.0_1/avr/include/util/delay.h **** #endif
 210:/usr/local/Cellar/avr-gcc@8/8.3.0_1/avr/include/util/delay.h **** }
 211:/usr/local/Cellar/avr-gcc@8/8.3.0_1/avr/include/util/delay.h **** 
 212:/usr/local/Cellar/avr-gcc@8/8.3.0_1/avr/include/util/delay.h **** /**
 213:/usr/local/Cellar/avr-gcc@8/8.3.0_1/avr/include/util/delay.h ****    \ingroup util_delay
 214:/usr/local/Cellar/avr-gcc@8/8.3.0_1/avr/include/util/delay.h **** 
 215:/usr/local/Cellar/avr-gcc@8/8.3.0_1/avr/include/util/delay.h ****    Perform a delay of \c __us microseconds, using _delay_loop_1().
 216:/usr/local/Cellar/avr-gcc@8/8.3.0_1/avr/include/util/delay.h **** 
 217:/usr/local/Cellar/avr-gcc@8/8.3.0_1/avr/include/util/delay.h ****    The macro F_CPU is supposed to be defined to a
 218:/usr/local/Cellar/avr-gcc@8/8.3.0_1/avr/include/util/delay.h ****    constant defining the CPU clock frequency (in Hertz).
 219:/usr/local/Cellar/avr-gcc@8/8.3.0_1/avr/include/util/delay.h **** 
 220:/usr/local/Cellar/avr-gcc@8/8.3.0_1/avr/include/util/delay.h ****    The maximal possible delay is 768 us / F_CPU in MHz.
 221:/usr/local/Cellar/avr-gcc@8/8.3.0_1/avr/include/util/delay.h **** 
 222:/usr/local/Cellar/avr-gcc@8/8.3.0_1/avr/include/util/delay.h ****    If the user requests a delay greater than the maximal possible one,
 223:/usr/local/Cellar/avr-gcc@8/8.3.0_1/avr/include/util/delay.h ****    _delay_us() will automatically call _delay_ms() instead.  The user
 224:/usr/local/Cellar/avr-gcc@8/8.3.0_1/avr/include/util/delay.h ****    will not be informed about this case.
 225:/usr/local/Cellar/avr-gcc@8/8.3.0_1/avr/include/util/delay.h **** 
 226:/usr/local/Cellar/avr-gcc@8/8.3.0_1/avr/include/util/delay.h ****    If the avr-gcc toolchain has __builtin_avr_delay_cycles()
 227:/usr/local/Cellar/avr-gcc@8/8.3.0_1/avr/include/util/delay.h ****    support, maximal possible delay is 4294967.295 us/ F_CPU in MHz. For
 228:/usr/local/Cellar/avr-gcc@8/8.3.0_1/avr/include/util/delay.h ****    values greater than the maximal possible delay, overflow results in
 229:/usr/local/Cellar/avr-gcc@8/8.3.0_1/avr/include/util/delay.h ****    no delay i.e., 0us.
 230:/usr/local/Cellar/avr-gcc@8/8.3.0_1/avr/include/util/delay.h **** 
 231:/usr/local/Cellar/avr-gcc@8/8.3.0_1/avr/include/util/delay.h ****    Conversion of \c __us into clock cycles may not always result in
 232:/usr/local/Cellar/avr-gcc@8/8.3.0_1/avr/include/util/delay.h ****    integer.  By default, the clock cycles rounded up to next
 233:/usr/local/Cellar/avr-gcc@8/8.3.0_1/avr/include/util/delay.h ****    integer. This ensures that the user gets at least \c __us
 234:/usr/local/Cellar/avr-gcc@8/8.3.0_1/avr/include/util/delay.h ****    microseconds of delay.
 235:/usr/local/Cellar/avr-gcc@8/8.3.0_1/avr/include/util/delay.h **** 
 236:/usr/local/Cellar/avr-gcc@8/8.3.0_1/avr/include/util/delay.h ****    Alternatively, by defining the macro \c __DELAY_ROUND_DOWN__, or
 237:/usr/local/Cellar/avr-gcc@8/8.3.0_1/avr/include/util/delay.h ****    \c __DELAY_ROUND_CLOSEST__, before including this header file, the
 238:/usr/local/Cellar/avr-gcc@8/8.3.0_1/avr/include/util/delay.h ****    algorithm can be made to round down, or round to closest integer,
 239:/usr/local/Cellar/avr-gcc@8/8.3.0_1/avr/include/util/delay.h ****    respectively.
 240:/usr/local/Cellar/avr-gcc@8/8.3.0_1/avr/include/util/delay.h **** 
 241:/usr/local/Cellar/avr-gcc@8/8.3.0_1/avr/include/util/delay.h ****    \note
 242:/usr/local/Cellar/avr-gcc@8/8.3.0_1/avr/include/util/delay.h **** 
 243:/usr/local/Cellar/avr-gcc@8/8.3.0_1/avr/include/util/delay.h ****    The implementation of _delay_ms() based on
 244:/usr/local/Cellar/avr-gcc@8/8.3.0_1/avr/include/util/delay.h ****    __builtin_avr_delay_cycles() is not backward compatible with older
 245:/usr/local/Cellar/avr-gcc@8/8.3.0_1/avr/include/util/delay.h ****    implementations.  In order to get functionality backward compatible
 246:/usr/local/Cellar/avr-gcc@8/8.3.0_1/avr/include/util/delay.h ****    with previous versions, the macro \c __DELAY_BACKWARD_COMPATIBLE__
 247:/usr/local/Cellar/avr-gcc@8/8.3.0_1/avr/include/util/delay.h ****    must be defined before including this header file. Also, the
 248:/usr/local/Cellar/avr-gcc@8/8.3.0_1/avr/include/util/delay.h ****    backward compatible algorithm will be chosen if the code is
 249:/usr/local/Cellar/avr-gcc@8/8.3.0_1/avr/include/util/delay.h ****    compiled in a <em>freestanding environment</em> (GCC option
 250:/usr/local/Cellar/avr-gcc@8/8.3.0_1/avr/include/util/delay.h ****    \c -ffreestanding), as the math functions required for rounding are
 251:/usr/local/Cellar/avr-gcc@8/8.3.0_1/avr/include/util/delay.h ****    not available to the compiler then.
 252:/usr/local/Cellar/avr-gcc@8/8.3.0_1/avr/include/util/delay.h **** 
 253:/usr/local/Cellar/avr-gcc@8/8.3.0_1/avr/include/util/delay.h ****  */
 254:/usr/local/Cellar/avr-gcc@8/8.3.0_1/avr/include/util/delay.h **** void
 255:/usr/local/Cellar/avr-gcc@8/8.3.0_1/avr/include/util/delay.h **** _delay_us(double __us)
  34               		.loc 2 255 1 view .LVU4
  35               	.LBB5:
 256:/usr/local/Cellar/avr-gcc@8/8.3.0_1/avr/include/util/delay.h **** {
 257:/usr/local/Cellar/avr-gcc@8/8.3.0_1/avr/include/util/delay.h **** 	double __tmp ;
  36               		.loc 2 257 2 view .LVU5
 258:/usr/local/Cellar/avr-gcc@8/8.3.0_1/avr/include/util/delay.h **** #if __HAS_DELAY_CYCLES && defined(__OPTIMIZE__) && \
 259:/usr/local/Cellar/avr-gcc@8/8.3.0_1/avr/include/util/delay.h ****   !defined(__DELAY_BACKWARD_COMPATIBLE__) &&	   \
 260:/usr/local/Cellar/avr-gcc@8/8.3.0_1/avr/include/util/delay.h ****   __STDC_HOSTED__
 261:/usr/local/Cellar/avr-gcc@8/8.3.0_1/avr/include/util/delay.h **** 	uint32_t __ticks_dc;
  37               		.loc 2 261 2 view .LVU6
 262:/usr/local/Cellar/avr-gcc@8/8.3.0_1/avr/include/util/delay.h **** 	extern void __builtin_avr_delay_cycles(unsigned long);
  38               		.loc 2 262 2 view .LVU7
 263:/usr/local/Cellar/avr-gcc@8/8.3.0_1/avr/include/util/delay.h **** 	__tmp = ((F_CPU) / 1e6) * __us;
  39               		.loc 2 263 2 view .LVU8
 264:/usr/local/Cellar/avr-gcc@8/8.3.0_1/avr/include/util/delay.h **** 
 265:/usr/local/Cellar/avr-gcc@8/8.3.0_1/avr/include/util/delay.h **** 	#if defined(__DELAY_ROUND_DOWN__)
 266:/usr/local/Cellar/avr-gcc@8/8.3.0_1/avr/include/util/delay.h **** 		__ticks_dc = (uint32_t)fabs(__tmp);
 267:/usr/local/Cellar/avr-gcc@8/8.3.0_1/avr/include/util/delay.h **** 
 268:/usr/local/Cellar/avr-gcc@8/8.3.0_1/avr/include/util/delay.h **** 	#elif defined(__DELAY_ROUND_CLOSEST__)
 269:/usr/local/Cellar/avr-gcc@8/8.3.0_1/avr/include/util/delay.h **** 		__ticks_dc = (uint32_t)(fabs(__tmp)+0.5);
 270:/usr/local/Cellar/avr-gcc@8/8.3.0_1/avr/include/util/delay.h **** 
 271:/usr/local/Cellar/avr-gcc@8/8.3.0_1/avr/include/util/delay.h **** 	#else
 272:/usr/local/Cellar/avr-gcc@8/8.3.0_1/avr/include/util/delay.h **** 		//round up by default
 273:/usr/local/Cellar/avr-gcc@8/8.3.0_1/avr/include/util/delay.h **** 		__ticks_dc = (uint32_t)(ceil(fabs(__tmp)));
  40               		.loc 2 273 3 view .LVU9
 274:/usr/local/Cellar/avr-gcc@8/8.3.0_1/avr/include/util/delay.h **** 	#endif
 275:/usr/local/Cellar/avr-gcc@8/8.3.0_1/avr/include/util/delay.h **** 
 276:/usr/local/Cellar/avr-gcc@8/8.3.0_1/avr/include/util/delay.h **** 	__builtin_avr_delay_cycles(__ticks_dc);
  41               		.loc 2 276 2 view .LVU10
  42 000a 8AE1      		ldi r24,lo8(26)
  43 000c 8A95      	1:	dec r24
  44 000e 01F4      		brne 1b
  45 0010 00C0      		rjmp .
  46               	.LVL1:
  47               		.loc 2 276 2 is_stmt 0 view .LVU11
  48               	.LBE5:
  49               	.LBE4:
  57:keyboards/Manuform46/split_util.c ****    return (USBSTA & (1<<VBUS));  //checks state of VBUS
  50               		.loc 1 57 4 is_stmt 1 view .LVU12
  51               		.loc 1 57 12 is_stmt 0 view .LVU13
  52 0012 8091 D900 		lds r24,217
  58:keyboards/Manuform46/split_util.c **** }
  53               		.loc 1 58 1 view .LVU14
  54 0016 8170      		andi r24,lo8(1)
  55               	/* epilogue start */
  56 0018 0895      		ret
  57               		.cfi_endproc
  58               	.LFE17:
  60               		.section	.text.split_keyboard_setup,"ax",@progbits
  61               	.global	split_keyboard_setup
  63               	split_keyboard_setup:
  64               	.LFB18:
  59:keyboards/Manuform46/split_util.c **** 
  60:keyboards/Manuform46/split_util.c **** void split_keyboard_setup(void) {
  65               		.loc 1 60 33 is_stmt 1 view -0
  66               		.cfi_startproc
  67               	/* prologue: function */
  68               	/* frame size = 0 */
  69               	/* stack size = 0 */
  70               	.L__stack_usage = 0
  61:keyboards/Manuform46/split_util.c ****    setup_handedness();
  71               		.loc 1 61 4 view .LVU16
  72               	.LBB12:
  73               	.LBI12:
  21:keyboards/Manuform46/split_util.c ****   #ifdef EE_HANDS
  74               		.loc 1 21 13 view .LVU17
  75               	.LBB13:
  23:keyboards/Manuform46/split_util.c ****   #else
  76               		.loc 1 23 5 view .LVU18
  23:keyboards/Manuform46/split_util.c ****   #else
  77               		.loc 1 23 18 is_stmt 0 view .LVU19
  78 0000 8EE0      		ldi r24,lo8(14)
  79 0002 90E0      		ldi r25,0
  80 0004 0E94 0000 		call eeprom_read_byte
  81               	.LVL2:
  82 0008 91E0      		ldi r25,lo8(1)
  83 000a 8111      		cpse r24,__zero_reg__
  84 000c 00C0      		rjmp .L3
  85 000e 90E0      		ldi r25,0
  86               	.L3:
  23:keyboards/Manuform46/split_util.c ****   #else
  87               		.loc 1 23 16 view .LVU20
  88 0010 9093 0000 		sts isLeftHand,r25
  89               	.LBE13:
  90               	.LBE12:
  62:keyboards/Manuform46/split_util.c **** 
  63:keyboards/Manuform46/split_util.c ****    if (has_usb()) {
  91               		.loc 1 63 4 is_stmt 1 view .LVU21
  92               		.loc 1 63 8 is_stmt 0 view .LVU22
  93 0014 0E94 0000 		call has_usb
  94               	.LVL3:
  95               		.loc 1 63 7 view .LVU23
  96 0018 8823      		tst r24
  97 001a 01F0      		breq .L4
  64:keyboards/Manuform46/split_util.c ****       keyboard_master_setup();
  98               		.loc 1 64 7 is_stmt 1 view .LVU24
  99               	.LBB14:
 100               	.LBI14:
  34:keyboards/Manuform46/split_util.c **** #ifdef USE_I2C
 101               		.loc 1 34 13 view .LVU25
 102               	.LBB15:
  41:keyboards/Manuform46/split_util.c **** #endif
 103               		.loc 1 41 5 view .LVU26
 104 001c 0E94 0000 		call serial_master_init
 105               	.LVL4:
 106               	.L5:
 107               	.LBE15:
 108               	.LBE14:
  65:keyboards/Manuform46/split_util.c ****    } else {
  66:keyboards/Manuform46/split_util.c ****       keyboard_slave_setup();
  67:keyboards/Manuform46/split_util.c ****    }
  68:keyboards/Manuform46/split_util.c ****    sei();
 109               		.loc 1 68 4 view .LVU27
 110               	/* #APP */
 111               	 ;  68 "keyboards/Manuform46/split_util.c" 1
 112 0020 7894      		sei
 113               	 ;  0 "" 2
 114               	/* #NOAPP */
 115               	/* epilogue start */
  69:keyboards/Manuform46/split_util.c **** }
 116               		.loc 1 69 1 is_stmt 0 view .LVU28
 117 0022 0895      		ret
 118               	.L4:
  66:keyboards/Manuform46/split_util.c ****    }
 119               		.loc 1 66 7 is_stmt 1 view .LVU29
 120               	.LBB16:
 121               	.LBI16:
  45:keyboards/Manuform46/split_util.c ****   timer_init();
 122               		.loc 1 45 13 view .LVU30
 123               	.LBB17:
  46:keyboards/Manuform46/split_util.c **** #ifdef USE_I2C
 124               		.loc 1 46 3 view .LVU31
 125 0024 0E94 0000 		call timer_init
 126               	.LVL5:
  50:keyboards/Manuform46/split_util.c **** #endif
 127               		.loc 1 50 5 view .LVU32
 128 0028 0E94 0000 		call serial_slave_init
 129               	.LVL6:
 130 002c 00C0      		rjmp .L5
 131               	.LBE17:
 132               	.LBE16:
 133               		.cfi_endproc
 134               	.LFE18:
 136               		.section	.text.keyboard_slave_loop,"ax",@progbits
 137               	.global	keyboard_slave_loop
 139               	keyboard_slave_loop:
 140               	.LFB19:
  70:keyboards/Manuform46/split_util.c **** 
  71:keyboards/Manuform46/split_util.c **** void keyboard_slave_loop(void) {
 141               		.loc 1 71 32 view -0
 142               		.cfi_startproc
 143               	/* prologue: function */
 144               	/* frame size = 0 */
 145               	/* stack size = 0 */
 146               	.L__stack_usage = 0
  72:keyboards/Manuform46/split_util.c ****    matrix_init();
 147               		.loc 1 72 4 view .LVU34
 148 0000 0E94 0000 		call matrix_init
 149               	.LVL7:
 150               	.L7:
  73:keyboards/Manuform46/split_util.c **** 
  74:keyboards/Manuform46/split_util.c ****    while (1) {
 151               		.loc 1 74 4 discriminator 1 view .LVU35
  75:keyboards/Manuform46/split_util.c ****       matrix_slave_scan();
 152               		.loc 1 75 7 discriminator 1 view .LVU36
 153 0004 0E94 0000 		call matrix_slave_scan
 154               	.LVL8:
 155 0008 00C0      		rjmp .L7
 156               		.cfi_endproc
 157               	.LFE19:
 159               		.section	.text.matrix_setup,"ax",@progbits
 160               	.global	matrix_setup
 162               	matrix_setup:
 163               	.LFB20:
  76:keyboards/Manuform46/split_util.c ****    }
  77:keyboards/Manuform46/split_util.c **** }
  78:keyboards/Manuform46/split_util.c **** 
  79:keyboards/Manuform46/split_util.c **** // this code runs before the usb and keyboard is initialized
  80:keyboards/Manuform46/split_util.c **** void matrix_setup(void) {
 164               		.loc 1 80 25 view -0
 165               		.cfi_startproc
 166               	/* prologue: function */
 167               	/* frame size = 0 */
 168               	/* stack size = 0 */
 169               	.L__stack_usage = 0
  81:keyboards/Manuform46/split_util.c ****     split_keyboard_setup();
 170               		.loc 1 81 5 view .LVU38
 171 0000 0E94 0000 		call split_keyboard_setup
 172               	.LVL9:
  82:keyboards/Manuform46/split_util.c **** 
  83:keyboards/Manuform46/split_util.c ****     if (!has_usb()) {
 173               		.loc 1 83 5 view .LVU39
 174               		.loc 1 83 10 is_stmt 0 view .LVU40
 175 0004 0E94 0000 		call has_usb
 176               	.LVL10:
 177               		.loc 1 83 8 view .LVU41
 178 0008 8111      		cpse r24,__zero_reg__
 179 000a 00C0      		rjmp .L8
  84:keyboards/Manuform46/split_util.c ****         keyboard_slave_loop();
 180               		.loc 1 84 9 is_stmt 1 view .LVU42
 181 000c 0E94 0000 		call keyboard_slave_loop
 182               	.LVL11:
 183               	.L8:
 184               	/* epilogue start */
  85:keyboards/Manuform46/split_util.c ****     }
  86:keyboards/Manuform46/split_util.c **** }
 185               		.loc 1 86 1 is_stmt 0 view .LVU43
 186 0010 0895      		ret
 187               		.cfi_endproc
 188               	.LFE20:
 190               	.global	isLeftHand
 191               		.section	.data.isLeftHand,"aw"
 194               	isLeftHand:
 195 0000 01        		.byte	1
 196               		.text
 197               	.Letext0:
 198               		.file 3 "/usr/local/Cellar/avr-gcc@8/8.3.0_1/avr/include/stdint.h"
 199               		.file 4 "keyboards/Manuform46/split_util.h"
 200               		.file 5 "./tmk_core/common/timer.h"
 201               		.file 6 "keyboards/Manuform46/serial.h"
 202               		.file 7 "./tmk_core/common/matrix.h"
 203               		.file 8 "/usr/local/Cellar/avr-gcc@8/8.3.0_1/avr/include/avr/eeprom.h"
DEFINED SYMBOLS
                            *ABS*:0000000000000000 split_util.c
/var/folders/3d/n9bt7hnj55x7z_fzmyrbdqym0000gp/T//ccK0EyKS.s:2      *ABS*:000000000000003e __SP_H__
/var/folders/3d/n9bt7hnj55x7z_fzmyrbdqym0000gp/T//ccK0EyKS.s:3      *ABS*:000000000000003d __SP_L__
/var/folders/3d/n9bt7hnj55x7z_fzmyrbdqym0000gp/T//ccK0EyKS.s:4      *ABS*:000000000000003f __SREG__
/var/folders/3d/n9bt7hnj55x7z_fzmyrbdqym0000gp/T//ccK0EyKS.s:5      *ABS*:0000000000000000 __tmp_reg__
/var/folders/3d/n9bt7hnj55x7z_fzmyrbdqym0000gp/T//ccK0EyKS.s:6      *ABS*:0000000000000001 __zero_reg__
/var/folders/3d/n9bt7hnj55x7z_fzmyrbdqym0000gp/T//ccK0EyKS.s:13     .text.has_usb:0000000000000000 has_usb
/var/folders/3d/n9bt7hnj55x7z_fzmyrbdqym0000gp/T//ccK0EyKS.s:63     .text.split_keyboard_setup:0000000000000000 split_keyboard_setup
/var/folders/3d/n9bt7hnj55x7z_fzmyrbdqym0000gp/T//ccK0EyKS.s:194    .data.isLeftHand:0000000000000000 isLeftHand
/var/folders/3d/n9bt7hnj55x7z_fzmyrbdqym0000gp/T//ccK0EyKS.s:139    .text.keyboard_slave_loop:0000000000000000 keyboard_slave_loop
/var/folders/3d/n9bt7hnj55x7z_fzmyrbdqym0000gp/T//ccK0EyKS.s:162    .text.matrix_setup:0000000000000000 matrix_setup

UNDEFINED SYMBOLS
eeprom_read_byte
serial_master_init
timer_init
serial_slave_init
matrix_init
matrix_slave_scan
__do_copy_data
