   1               		.file	"eeconfig.c"
   2               	__SP_H__ = 0x3e
   3               	__SP_L__ = 0x3d
   4               	__SREG__ = 0x3f
   5               	__tmp_reg__ = 0
   6               	__zero_reg__ = 1
   7               		.text
   8               	.Ltext0:
   9               		.cfi_sections	.debug_frame
  10               		.section	.text.eeconfig_init,"ax",@progbits
  11               	.global	eeconfig_init
  13               	eeconfig_init:
  14               	.LFB0:
  15               		.file 1 "./tmk_core/common/eeconfig.c"
   1:./tmk_core/common/eeconfig.c **** #include <stdint.h>
   2:./tmk_core/common/eeconfig.c **** #include <stdbool.h>
   3:./tmk_core/common/eeconfig.c **** #include "eeprom.h"
   4:./tmk_core/common/eeconfig.c **** #include "eeconfig.h"
   5:./tmk_core/common/eeconfig.c **** 
   6:./tmk_core/common/eeconfig.c **** /** \brief eeconfig initialization
   7:./tmk_core/common/eeconfig.c ****  *
   8:./tmk_core/common/eeconfig.c ****  * FIXME: needs doc
   9:./tmk_core/common/eeconfig.c ****  */
  10:./tmk_core/common/eeconfig.c **** void eeconfig_init(void)
  11:./tmk_core/common/eeconfig.c **** {
  16               		.loc 1 11 1 view -0
  17               		.cfi_startproc
  18               	/* prologue: function */
  19               	/* frame size = 0 */
  20               	/* stack size = 0 */
  21               	.L__stack_usage = 0
  12:./tmk_core/common/eeconfig.c ****     eeprom_update_word(EECONFIG_MAGIC,          EECONFIG_MAGIC_NUMBER);
  22               		.loc 1 12 5 view .LVU1
  23 0000 6DEE      		ldi r22,lo8(-19)
  24 0002 7EEF      		ldi r23,lo8(-2)
  25 0004 90E0      		ldi r25,0
  26 0006 80E0      		ldi r24,0
  27 0008 0E94 0000 		call eeprom_update_word
  28               	.LVL0:
  13:./tmk_core/common/eeconfig.c ****     eeprom_update_byte(EECONFIG_DEBUG,          0);
  29               		.loc 1 13 5 view .LVU2
  30 000c 60E0      		ldi r22,0
  31 000e 82E0      		ldi r24,lo8(2)
  32 0010 90E0      		ldi r25,0
  33 0012 0E94 0000 		call eeprom_update_byte
  34               	.LVL1:
  14:./tmk_core/common/eeconfig.c ****     eeprom_update_byte(EECONFIG_DEFAULT_LAYER,  0);
  35               		.loc 1 14 5 view .LVU3
  36 0016 60E0      		ldi r22,0
  37 0018 83E0      		ldi r24,lo8(3)
  38 001a 90E0      		ldi r25,0
  39 001c 0E94 0000 		call eeprom_update_byte
  40               	.LVL2:
  15:./tmk_core/common/eeconfig.c ****     eeprom_update_byte(EECONFIG_KEYMAP,         0);
  41               		.loc 1 15 5 view .LVU4
  42 0020 60E0      		ldi r22,0
  43 0022 84E0      		ldi r24,lo8(4)
  44 0024 90E0      		ldi r25,0
  45 0026 0E94 0000 		call eeprom_update_byte
  46               	.LVL3:
  16:./tmk_core/common/eeconfig.c ****     eeprom_update_byte(EECONFIG_MOUSEKEY_ACCEL, 0);
  47               		.loc 1 16 5 view .LVU5
  48 002a 60E0      		ldi r22,0
  49 002c 85E0      		ldi r24,lo8(5)
  50 002e 90E0      		ldi r25,0
  51 0030 0E94 0000 		call eeprom_update_byte
  52               	.LVL4:
  17:./tmk_core/common/eeconfig.c **** #ifdef BACKLIGHT_ENABLE
  18:./tmk_core/common/eeconfig.c ****     eeprom_update_byte(EECONFIG_BACKLIGHT,      0);
  19:./tmk_core/common/eeconfig.c **** #endif
  20:./tmk_core/common/eeconfig.c **** #ifdef AUDIO_ENABLE
  21:./tmk_core/common/eeconfig.c ****     eeprom_update_byte(EECONFIG_AUDIO,             0xFF); // On by default
  22:./tmk_core/common/eeconfig.c **** #endif
  23:./tmk_core/common/eeconfig.c **** #if defined(RGBLIGHT_ENABLE) || defined(RGB_MATRIX_ENABLE)
  24:./tmk_core/common/eeconfig.c ****     eeprom_update_dword(EECONFIG_RGBLIGHT,      0);
  53               		.loc 1 24 5 view .LVU6
  54 0034 40E0      		ldi r20,0
  55 0036 50E0      		ldi r21,0
  56 0038 BA01      		movw r22,r20
  57 003a 88E0      		ldi r24,lo8(8)
  58 003c 90E0      		ldi r25,0
  59 003e 0C94 0000 		jmp eeprom_update_dword
  60               	.LVL5:
  61               		.cfi_endproc
  62               	.LFE0:
  64               		.section	.text.eeconfig_enable,"ax",@progbits
  65               	.global	eeconfig_enable
  67               	eeconfig_enable:
  68               	.LFB1:
  25:./tmk_core/common/eeconfig.c **** #endif
  26:./tmk_core/common/eeconfig.c **** #ifdef STENO_ENABLE
  27:./tmk_core/common/eeconfig.c ****     eeprom_update_byte(EECONFIG_STENOMODE,      0);
  28:./tmk_core/common/eeconfig.c **** #endif
  29:./tmk_core/common/eeconfig.c **** }
  30:./tmk_core/common/eeconfig.c **** 
  31:./tmk_core/common/eeconfig.c **** /** \brief eeconfig enable
  32:./tmk_core/common/eeconfig.c ****  *
  33:./tmk_core/common/eeconfig.c ****  * FIXME: needs doc
  34:./tmk_core/common/eeconfig.c ****  */
  35:./tmk_core/common/eeconfig.c **** void eeconfig_enable(void)
  36:./tmk_core/common/eeconfig.c **** {
  69               		.loc 1 36 1 view -0
  70               		.cfi_startproc
  71               	/* prologue: function */
  72               	/* frame size = 0 */
  73               	/* stack size = 0 */
  74               	.L__stack_usage = 0
  37:./tmk_core/common/eeconfig.c ****     eeprom_update_word(EECONFIG_MAGIC, EECONFIG_MAGIC_NUMBER);
  75               		.loc 1 37 5 view .LVU8
  76 0000 6DEE      		ldi r22,lo8(-19)
  77 0002 7EEF      		ldi r23,lo8(-2)
  78 0004 90E0      		ldi r25,0
  79 0006 80E0      		ldi r24,0
  80 0008 0C94 0000 		jmp eeprom_update_word
  81               	.LVL6:
  82               		.cfi_endproc
  83               	.LFE1:
  85               		.section	.text.eeconfig_disable,"ax",@progbits
  86               	.global	eeconfig_disable
  88               	eeconfig_disable:
  89               	.LFB2:
  38:./tmk_core/common/eeconfig.c **** }
  39:./tmk_core/common/eeconfig.c **** 
  40:./tmk_core/common/eeconfig.c **** /** \brief eeconfig disable
  41:./tmk_core/common/eeconfig.c ****  *
  42:./tmk_core/common/eeconfig.c ****  * FIXME: needs doc
  43:./tmk_core/common/eeconfig.c ****  */
  44:./tmk_core/common/eeconfig.c **** void eeconfig_disable(void)
  45:./tmk_core/common/eeconfig.c **** {
  90               		.loc 1 45 1 view -0
  91               		.cfi_startproc
  92               	/* prologue: function */
  93               	/* frame size = 0 */
  94               	/* stack size = 0 */
  95               	.L__stack_usage = 0
  46:./tmk_core/common/eeconfig.c ****     eeprom_update_word(EECONFIG_MAGIC, 0xFFFF);
  96               		.loc 1 46 5 view .LVU10
  97 0000 6FEF      		ldi r22,lo8(-1)
  98 0002 7FEF      		ldi r23,lo8(-1)
  99 0004 90E0      		ldi r25,0
 100 0006 80E0      		ldi r24,0
 101 0008 0C94 0000 		jmp eeprom_update_word
 102               	.LVL7:
 103               		.cfi_endproc
 104               	.LFE2:
 106               		.section	.text.eeconfig_is_enabled,"ax",@progbits
 107               	.global	eeconfig_is_enabled
 109               	eeconfig_is_enabled:
 110               	.LFB3:
  47:./tmk_core/common/eeconfig.c **** }
  48:./tmk_core/common/eeconfig.c **** 
  49:./tmk_core/common/eeconfig.c **** /** \brief eeconfig is enabled
  50:./tmk_core/common/eeconfig.c ****  *
  51:./tmk_core/common/eeconfig.c ****  * FIXME: needs doc
  52:./tmk_core/common/eeconfig.c ****  */
  53:./tmk_core/common/eeconfig.c **** bool eeconfig_is_enabled(void)
  54:./tmk_core/common/eeconfig.c **** {
 111               		.loc 1 54 1 view -0
 112               		.cfi_startproc
 113               	/* prologue: function */
 114               	/* frame size = 0 */
 115               	/* stack size = 0 */
 116               	.L__stack_usage = 0
  55:./tmk_core/common/eeconfig.c ****     return (eeprom_read_word(EECONFIG_MAGIC) == EECONFIG_MAGIC_NUMBER);
 117               		.loc 1 55 5 view .LVU12
 118               		.loc 1 55 13 is_stmt 0 view .LVU13
 119 0000 90E0      		ldi r25,0
 120 0002 80E0      		ldi r24,0
 121 0004 0E94 0000 		call eeprom_read_word
 122               	.LVL8:
 123               		.loc 1 55 46 view .LVU14
 124 0008 21E0      		ldi r18,lo8(1)
 125 000a 8D3E      		cpi r24,-19
 126 000c 9E4F      		sbci r25,-2
 127 000e 01F0      		breq .L5
 128 0010 20E0      		ldi r18,0
 129               	.L5:
  56:./tmk_core/common/eeconfig.c **** }
 130               		.loc 1 56 1 view .LVU15
 131 0012 822F      		mov r24,r18
 132               	/* epilogue start */
 133 0014 0895      		ret
 134               		.cfi_endproc
 135               	.LFE3:
 137               		.section	.text.eeconfig_read_debug,"ax",@progbits
 138               	.global	eeconfig_read_debug
 140               	eeconfig_read_debug:
 141               	.LFB4:
  57:./tmk_core/common/eeconfig.c **** 
  58:./tmk_core/common/eeconfig.c **** /** \brief eeconfig read debug
  59:./tmk_core/common/eeconfig.c ****  *
  60:./tmk_core/common/eeconfig.c ****  * FIXME: needs doc
  61:./tmk_core/common/eeconfig.c ****  */
  62:./tmk_core/common/eeconfig.c **** uint8_t eeconfig_read_debug(void)      { return eeprom_read_byte(EECONFIG_DEBUG); }
 142               		.loc 1 62 40 is_stmt 1 view -0
 143               		.cfi_startproc
 144               	/* prologue: function */
 145               	/* frame size = 0 */
 146               	/* stack size = 0 */
 147               	.L__stack_usage = 0
 148               		.loc 1 62 42 view .LVU17
 149               		.loc 1 62 49 is_stmt 0 view .LVU18
 150 0000 82E0      		ldi r24,lo8(2)
 151 0002 90E0      		ldi r25,0
 152 0004 0C94 0000 		jmp eeprom_read_byte
 153               	.LVL9:
 154               		.cfi_endproc
 155               	.LFE4:
 157               		.section	.text.eeconfig_update_debug,"ax",@progbits
 158               	.global	eeconfig_update_debug
 160               	eeconfig_update_debug:
 161               	.LVL10:
 162               	.LFB5:
  63:./tmk_core/common/eeconfig.c **** /** \brief eeconfig update debug
  64:./tmk_core/common/eeconfig.c ****  *
  65:./tmk_core/common/eeconfig.c ****  * FIXME: needs doc
  66:./tmk_core/common/eeconfig.c ****  */
  67:./tmk_core/common/eeconfig.c **** void eeconfig_update_debug(uint8_t val) { eeprom_update_byte(EECONFIG_DEBUG, val); }
 163               		.loc 1 67 41 is_stmt 1 view -0
 164               		.cfi_startproc
 165               	/* prologue: function */
 166               	/* frame size = 0 */
 167               	/* stack size = 0 */
 168               	.L__stack_usage = 0
 169               		.loc 1 67 43 view .LVU20
 170 0000 682F      		mov r22,r24
 171 0002 82E0      		ldi r24,lo8(2)
 172 0004 90E0      		ldi r25,0
 173               	.LVL11:
 174               		.loc 1 67 43 is_stmt 0 view .LVU21
 175 0006 0C94 0000 		jmp eeprom_update_byte
 176               	.LVL12:
 177               		.loc 1 67 43 view .LVU22
 178               		.cfi_endproc
 179               	.LFE5:
 181               		.section	.text.eeconfig_read_default_layer,"ax",@progbits
 182               	.global	eeconfig_read_default_layer
 184               	eeconfig_read_default_layer:
 185               	.LFB6:
  68:./tmk_core/common/eeconfig.c **** 
  69:./tmk_core/common/eeconfig.c **** /** \brief eeconfig read default layer
  70:./tmk_core/common/eeconfig.c ****  *
  71:./tmk_core/common/eeconfig.c ****  * FIXME: needs doc
  72:./tmk_core/common/eeconfig.c ****  */
  73:./tmk_core/common/eeconfig.c **** uint8_t eeconfig_read_default_layer(void)      { return eeprom_read_byte(EECONFIG_DEFAULT_LAYER); }
 186               		.loc 1 73 48 is_stmt 1 view -0
 187               		.cfi_startproc
 188               	/* prologue: function */
 189               	/* frame size = 0 */
 190               	/* stack size = 0 */
 191               	.L__stack_usage = 0
 192               		.loc 1 73 50 view .LVU24
 193               		.loc 1 73 57 is_stmt 0 view .LVU25
 194 0000 83E0      		ldi r24,lo8(3)
 195 0002 90E0      		ldi r25,0
 196 0004 0C94 0000 		jmp eeprom_read_byte
 197               	.LVL13:
 198               		.cfi_endproc
 199               	.LFE6:
 201               		.section	.text.eeconfig_update_default_layer,"ax",@progbits
 202               	.global	eeconfig_update_default_layer
 204               	eeconfig_update_default_layer:
 205               	.LVL14:
 206               	.LFB7:
  74:./tmk_core/common/eeconfig.c **** /** \brief eeconfig update default layer
  75:./tmk_core/common/eeconfig.c ****  *
  76:./tmk_core/common/eeconfig.c ****  * FIXME: needs doc
  77:./tmk_core/common/eeconfig.c ****  */
  78:./tmk_core/common/eeconfig.c **** void eeconfig_update_default_layer(uint8_t val) { eeprom_update_byte(EECONFIG_DEFAULT_LAYER, val); 
 207               		.loc 1 78 49 is_stmt 1 view -0
 208               		.cfi_startproc
 209               	/* prologue: function */
 210               	/* frame size = 0 */
 211               	/* stack size = 0 */
 212               	.L__stack_usage = 0
 213               		.loc 1 78 51 view .LVU27
 214 0000 682F      		mov r22,r24
 215 0002 83E0      		ldi r24,lo8(3)
 216 0004 90E0      		ldi r25,0
 217               	.LVL15:
 218               		.loc 1 78 51 is_stmt 0 view .LVU28
 219 0006 0C94 0000 		jmp eeprom_update_byte
 220               	.LVL16:
 221               		.loc 1 78 51 view .LVU29
 222               		.cfi_endproc
 223               	.LFE7:
 225               		.section	.text.eeconfig_read_keymap,"ax",@progbits
 226               	.global	eeconfig_read_keymap
 228               	eeconfig_read_keymap:
 229               	.LFB8:
  79:./tmk_core/common/eeconfig.c **** 
  80:./tmk_core/common/eeconfig.c **** /** \brief eeconfig read keymap
  81:./tmk_core/common/eeconfig.c ****  *
  82:./tmk_core/common/eeconfig.c ****  * FIXME: needs doc
  83:./tmk_core/common/eeconfig.c ****  */
  84:./tmk_core/common/eeconfig.c **** uint8_t eeconfig_read_keymap(void)      { return eeprom_read_byte(EECONFIG_KEYMAP); }
 230               		.loc 1 84 41 is_stmt 1 view -0
 231               		.cfi_startproc
 232               	/* prologue: function */
 233               	/* frame size = 0 */
 234               	/* stack size = 0 */
 235               	.L__stack_usage = 0
 236               		.loc 1 84 43 view .LVU31
 237               		.loc 1 84 50 is_stmt 0 view .LVU32
 238 0000 84E0      		ldi r24,lo8(4)
 239 0002 90E0      		ldi r25,0
 240 0004 0C94 0000 		jmp eeprom_read_byte
 241               	.LVL17:
 242               		.cfi_endproc
 243               	.LFE8:
 245               		.section	.text.eeconfig_update_keymap,"ax",@progbits
 246               	.global	eeconfig_update_keymap
 248               	eeconfig_update_keymap:
 249               	.LVL18:
 250               	.LFB9:
  85:./tmk_core/common/eeconfig.c **** /** \brief eeconfig update keymap
  86:./tmk_core/common/eeconfig.c ****  *
  87:./tmk_core/common/eeconfig.c ****  * FIXME: needs doc
  88:./tmk_core/common/eeconfig.c ****  */
  89:./tmk_core/common/eeconfig.c **** void eeconfig_update_keymap(uint8_t val) { eeprom_update_byte(EECONFIG_KEYMAP, val); }
 251               		.loc 1 89 42 is_stmt 1 view -0
 252               		.cfi_startproc
 253               	/* prologue: function */
 254               	/* frame size = 0 */
 255               	/* stack size = 0 */
 256               	.L__stack_usage = 0
 257               		.loc 1 89 44 view .LVU34
 258 0000 682F      		mov r22,r24
 259 0002 84E0      		ldi r24,lo8(4)
 260 0004 90E0      		ldi r25,0
 261               	.LVL19:
 262               		.loc 1 89 44 is_stmt 0 view .LVU35
 263 0006 0C94 0000 		jmp eeprom_update_byte
 264               	.LVL20:
 265               		.loc 1 89 44 view .LVU36
 266               		.cfi_endproc
 267               	.LFE9:
 269               		.text
 270               	.Letext0:
 271               		.file 2 "/usr/local/Cellar/avr-gcc@8/8.3.0_1/avr/include/stdint.h"
 272               		.file 3 "/usr/local/Cellar/avr-gcc@8/8.3.0_1/avr/include/avr/eeprom.h"
DEFINED SYMBOLS
                            *ABS*:0000000000000000 eeconfig.c
/var/folders/3d/n9bt7hnj55x7z_fzmyrbdqym0000gp/T//ccOdErev.s:2      *ABS*:000000000000003e __SP_H__
/var/folders/3d/n9bt7hnj55x7z_fzmyrbdqym0000gp/T//ccOdErev.s:3      *ABS*:000000000000003d __SP_L__
/var/folders/3d/n9bt7hnj55x7z_fzmyrbdqym0000gp/T//ccOdErev.s:4      *ABS*:000000000000003f __SREG__
/var/folders/3d/n9bt7hnj55x7z_fzmyrbdqym0000gp/T//ccOdErev.s:5      *ABS*:0000000000000000 __tmp_reg__
/var/folders/3d/n9bt7hnj55x7z_fzmyrbdqym0000gp/T//ccOdErev.s:6      *ABS*:0000000000000001 __zero_reg__
/var/folders/3d/n9bt7hnj55x7z_fzmyrbdqym0000gp/T//ccOdErev.s:13     .text.eeconfig_init:0000000000000000 eeconfig_init
/var/folders/3d/n9bt7hnj55x7z_fzmyrbdqym0000gp/T//ccOdErev.s:67     .text.eeconfig_enable:0000000000000000 eeconfig_enable
/var/folders/3d/n9bt7hnj55x7z_fzmyrbdqym0000gp/T//ccOdErev.s:88     .text.eeconfig_disable:0000000000000000 eeconfig_disable
/var/folders/3d/n9bt7hnj55x7z_fzmyrbdqym0000gp/T//ccOdErev.s:109    .text.eeconfig_is_enabled:0000000000000000 eeconfig_is_enabled
/var/folders/3d/n9bt7hnj55x7z_fzmyrbdqym0000gp/T//ccOdErev.s:140    .text.eeconfig_read_debug:0000000000000000 eeconfig_read_debug
/var/folders/3d/n9bt7hnj55x7z_fzmyrbdqym0000gp/T//ccOdErev.s:160    .text.eeconfig_update_debug:0000000000000000 eeconfig_update_debug
/var/folders/3d/n9bt7hnj55x7z_fzmyrbdqym0000gp/T//ccOdErev.s:184    .text.eeconfig_read_default_layer:0000000000000000 eeconfig_read_default_layer
/var/folders/3d/n9bt7hnj55x7z_fzmyrbdqym0000gp/T//ccOdErev.s:204    .text.eeconfig_update_default_layer:0000000000000000 eeconfig_update_default_layer
/var/folders/3d/n9bt7hnj55x7z_fzmyrbdqym0000gp/T//ccOdErev.s:228    .text.eeconfig_read_keymap:0000000000000000 eeconfig_read_keymap
/var/folders/3d/n9bt7hnj55x7z_fzmyrbdqym0000gp/T//ccOdErev.s:248    .text.eeconfig_update_keymap:0000000000000000 eeconfig_update_keymap

UNDEFINED SYMBOLS
eeprom_update_word
eeprom_update_byte
eeprom_update_dword
eeprom_read_word
eeprom_read_byte
